============================= test session starts ==============================
platform linux -- Python 3.7.3, pytest-6.2.5, py-1.10.0, pluggy-1.0.0 -- /usr/bin/python3
cachedir: .pytest_cache
hypothesis profile 'default' -> database=DirectoryBasedExampleDatabase('/tmp_amd/kamen/export/kamen/3/cs1531/project-automarking/tempstore/.hypothesis/examples')
rootdir: /tmp_amd/kamen/export/kamen/3/cs1531/project-automarking/tempstore, configfile: pytest.ini
plugins: forked-1.3.0, xdist-2.2.1, hypothesis-6.1.1, timeout-1.4.2
collecting ... collected 374 items

http_tests/admin_tests/test_admin_user_remove.py::test_once_removed_user_cant_do_anything PASSED [  0%]
http_tests/admin_tests/test_admin_user_remove.py::test_messages_after_user_removal_correct_format PASSED [  0%]
http_tests/admin_tests/test_admin_user_remove.py::test_removed_profile_still_fetchable_with_user_profile PASSED [  0%]
http_tests/admin_tests/test_admin_user_remove.py::test_removal_removed_from_channel PASSED [  1%]
http_tests/admin_tests/test_admin_user_remove.py::test_removal_removed_from_dm PASSED [  1%]
http_tests/admin_tests/test_admin_user_remove.py::test_removal_not_in_users_all PASSED [  1%]
http_tests/admin_tests/test_admin_user_remove.py::test_email_reusable PASSED [  1%]
http_tests/admin_tests/test_admin_user_remove.py::test_handle_reusable PASSED [  2%]
http_tests/admin_tests/test_admin_user_remove.py::test_invalid_user PASSED [  2%]
http_tests/admin_tests/test_admin_user_remove.py::test_cannot_remove_last_owner PASSED [  2%]
http_tests/admin_tests/test_admin_user_remove.py::test_cannot_remove_user_nonowner PASSED [  2%]
http_tests/admin_tests/test_admin_user_remove.py::test_invalid_token PASSED [  3%]
http_tests/admin_tests/test_admin_userpermission_change.py::test_successful_permission_change PASSED [  3%]
http_tests/admin_tests/test_admin_userpermission_change.py::test_cannot_demote_last_owner PASSED [  3%]
http_tests/admin_tests/test_admin_userpermission_change.py::test_nonowner_cant_change_permissions PASSED [  4%]
http_tests/admin_tests/test_admin_userpermission_change.py::test_invalid_user PASSED [  4%]
http_tests/admin_tests/test_admin_userpermission_change.py::test_invalid_permission PASSED [  4%]
http_tests/admin_tests/test_admin_userpermission_change.py::test_same_permission PASSED [  4%]
http_tests/admin_tests/test_admin_userpermission_change.py::test_invalid_token PASSED [  5%]
http_tests/auth_tests/test_auth_login.py::test_successful_login PASSED   [  5%]
http_tests/auth_tests/test_auth_login.py::test_can_have_two_sessions PASSED [  5%]
http_tests/auth_tests/test_auth_login.py::test_unregistered_user PASSED  [  5%]
http_tests/auth_tests/test_auth_login.py::test_registered_but_incorrect_password PASSED [  6%]
http_tests/auth_tests/test_auth_logout.py::test_successful_logout PASSED [  6%]
http_tests/auth_tests/test_auth_logout.py::test_accesserror_when_already_logged_out PASSED [  6%]
http_tests/auth_tests/test_auth_register.py::test_invalid_email[@gmail.com] PASSED [  6%]
http_tests/auth_tests/test_auth_register.py::test_invalid_email[bob] PASSED [  7%]
http_tests/auth_tests/test_auth_register.py::test_invalid_email[bob@bob@bob.com] PASSED [  7%]
http_tests/auth_tests/test_auth_register.py::test_invalid_password[12345] PASSED [  7%]
http_tests/auth_tests/test_auth_register.py::test_invalid_password[] PASSED [  8%]
http_tests/auth_tests/test_auth_register.py::test_invalid_name_first[] PASSED [  8%]
http_tests/auth_tests/test_auth_register.py::test_invalid_name_first[aaaaaaaaaaaaaaaaaaaaaaaaaaaaaaaaaaaaaaaaaaaaaaaaaaa] PASSED [  8%]
http_tests/auth_tests/test_auth_register.py::test_invalid_name_last[] PASSED [  8%]
http_tests/auth_tests/test_auth_register.py::test_invalid_name_last[bbbbbbbbbbbbbbbbbbbbbbbbbbbbbbbbbbbbbbbbbbbbbbbbbbb] PASSED [  9%]
http_tests/auth_tests/test_auth_register.py::test_duplicate_email PASSED [  9%]
http_tests/auth_tests/test_auth_register.py::test_removed_user_name PASSED [  9%]
http_tests/auth_tests/test_auth_register.py::test_successful_registration PASSED [  9%]
http_tests/auth_tests/test_auth_register.py::test_basic_handle_generated_correctly[Bob-Smith-bobsmith] PASSED [ 10%]
http_tests/auth_tests/test_auth_register.py::test_basic_handle_generated_correctly[ababababab-cdcdcdcdcdcd-abababababcdcdcdcdcd] PASSED [ 10%]
http_tests/auth_tests/test_auth_register.py::test_duplicate_handles_generated_correctly[abcdefghij-klmnopqrs-abcdefghijklmnopqrs-abcdefghij-klmnopqrs-abcdefghijklmnopqrs0] PASSED [ 10%]
http_tests/auth_tests/test_auth_register.py::test_duplicate_handles_generated_correctly[abcdefghij-klmnopqrst-abcdefghijklmnopqrst-abcdefghij-klmnopqrst-abcdefghijklmnopqrst0] PASSED [ 10%]
http_tests/auth_tests/test_auth_register.py::test_duplicate_handles_generated_correctly[@bcdefgh!j-klmn opqrst-bcdefghjklmnopqrst-bcdefghj-klmnopqrst-bcdefghjklmnopqrst0] PASSED [ 11%]
http_tests/auth_tests/test_auth_register.py::test_duplicate_handles_generated_correctly[abc-def0-abcdef0-abc-def-abcdef1] PASSED [ 11%]
http_tests/auth_tests/test_passwordreset_request.py::test_return_format_correct PASSED [ 11%]
http_tests/auth_tests/test_passwordreset_request.py::test_password_request_logs_out_everywhere PASSED [ 12%]
http_tests/auth_tests/test_passwordreset_reset.py::test_invalid_password PASSED [ 12%]
http_tests/channel_tests/test_channel_addowner.py::test_channel_owner_can_addowner_when_member PASSED [ 12%]
http_tests/channel_tests/test_channel_addowner.py::test_global_owner_member_can_addowner PASSED [ 12%]
http_tests/channel_tests/test_channel_addowner.py::test_channel_owner_cant_addowner_when_non_member PASSED [ 13%]
http_tests/channel_tests/test_channel_addowner.py::test_non_member_cannot_add_owner PASSED [ 13%]
http_tests/channel_tests/test_channel_addowner.py::test_global_owner_non_member_cant_addowner_private PASSED [ 13%]
http_tests/channel_tests/test_channel_addowner.py::test_global_owner_non_member_cant_addowner_public PASSED [ 13%]
http_tests/channel_tests/test_channel_addowner.py::test_member_cannot_add_owner PASSED [ 14%]
http_tests/channel_tests/test_channel_addowner.py::test_cannot_addowner_prexisting_channel_owner PASSED [ 14%]
http_tests/channel_tests/test_channel_addowner.py::test_with_invalid_u_id PASSED [ 14%]
http_tests/channel_tests/test_channel_addowner.py::test_with_invalid_channel_id PASSED [ 14%]
http_tests/channel_tests/test_channel_addowner.py::test_invalid_token PASSED [ 15%]
http_tests/channel_tests/test_channel_details.py::test_member_successful PASSED [ 15%]
http_tests/channel_tests/test_channel_details.py::test_non_member_not_successful PASSED [ 15%]
http_tests/channel_tests/test_channel_details.py::test_invalid_channel_id PASSED [ 16%]
http_tests/channel_tests/test_channel_details.py::test_invalid_token PASSED [ 16%]
http_tests/channel_tests/test_channel_invite.py::test_duplicate_invite PASSED [ 16%]
http_tests/channel_tests/test_channel_invite.py::test_invite_global_owner PASSED [ 16%]
http_tests/channel_tests/test_channel_invite.py::test_invite_global_member PASSED [ 17%]
http_tests/channel_tests/test_channel_invite.py::test_invitation_from_non_channel_member PASSED [ 17%]
http_tests/channel_tests/test_channel_invite.py::test_channel_id_invalid PASSED [ 17%]
http_tests/channel_tests/test_channel_invite.py::test_u_id_invalid PASSED [ 17%]
http_tests/channel_tests/test_channel_invite.py::test_invalidated_token PASSED [ 18%]
http_tests/channel_tests/test_channel_join.py::test_global_owner_join_channel_public PASSED [ 18%]
http_tests/channel_tests/test_channel_join.py::test_global_owner_join_channel_private PASSED [ 18%]
http_tests/channel_tests/test_channel_join.py::test_global_member_join_public PASSED [ 18%]
http_tests/channel_tests/test_channel_join.py::test_global_member_cant_join_private PASSED [ 19%]
http_tests/channel_tests/test_channel_join.py::test_already_joined_channel PASSED [ 19%]
http_tests/channel_tests/test_channel_join.py::test_join_invalid_channel_id PASSED [ 19%]
http_tests/channel_tests/test_channel_join.py::test_invalidated_token PASSED [ 20%]
http_tests/channel_tests/test_channel_leave.py::test_member_leave_channel_successfully PASSED [ 20%]
http_tests/channel_tests/test_channel_leave.py::test_leave_channel_when_not_member PASSED [ 20%]
http_tests/channel_tests/test_channel_leave.py::test_invalid_channel_id PASSED [ 20%]
http_tests/channel_tests/test_channel_leave.py::test_invalid_token PASSED [ 21%]
http_tests/channel_tests/test_channel_messages.py::test_message_timestamp PASSED [ 21%]
http_tests/channel_tests/test_channel_messages.py::test_under_fifty_messages_sent PASSED [ 21%]
http_tests/channel_tests/test_channel_messages.py::test_over_fifty_messages_sent PASSED [ 21%]
http_tests/channel_tests/test_channel_messages.py::test_removal_by_edit_reflected PASSED [ 22%]
http_tests/channel_tests/test_channel_messages.py::test_removal_by_deletion_reflected PASSED [ 22%]
http_tests/channel_tests/test_channel_messages.py::test_input_error_when_start_greater_than_message_num PASSED [ 22%]
http_tests/channel_tests/test_channel_messages.py::test_access_error_when_user_is_non_member PASSED [ 22%]
http_tests/channel_tests/test_channel_messages.py::test_input_error_when_channel_id_invalid PASSED [ 23%]
http_tests/channel_tests/test_channel_messages.py::test_access_error_when_invalid_token_given PASSED [ 23%]
http_tests/channel_tests/test_channel_removeowner.py::test_owner_can_remove_owner PASSED [ 23%]
http_tests/channel_tests/test_channel_removeowner.py::test_global_owner_member_can_remove_owner PASSED [ 24%]
http_tests/channel_tests/test_channel_removeowner.py::test_global_owner_nonmember_cannot_remove_owner PASSED [ 24%]
http_tests/channel_tests/test_channel_removeowner.py::test_nonmember_cannot_remove_owner PASSED [ 24%]
http_tests/channel_tests/test_channel_removeowner.py::test_member_cannot_remove_owner PASSED [ 24%]
http_tests/channel_tests/test_channel_removeowner.py::test_cannot_remove_last_owner PASSED [ 25%]
http_tests/channel_tests/test_channel_removeowner.py::test_global_owner_cannot_remove_only_owner PASSED [ 25%]
http_tests/channel_tests/test_channel_removeowner.py::test_cannot_remove_non_owner PASSED [ 25%]
http_tests/channel_tests/test_channel_removeowner.py::test_invalid_u_id PASSED [ 25%]
http_tests/channel_tests/test_channel_removeowner.py::test_with_invalid_channel_id PASSED [ 26%]
http_tests/channel_tests/test_channel_removeowner.py::test_invalidated_token PASSED [ 26%]
http_tests/channels_tests/test_channels_create.py::test_create_channel[True-andys room] PASSED [ 26%]
http_tests/channels_tests/test_channels_create.py::test_create_channel[False-andys room] PASSED [ 27%]
http_tests/channels_tests/test_channels_create.py::test_invalid_channel_name_length[True-] PASSED [ 27%]
http_tests/channels_tests/test_channels_create.py::test_invalid_channel_name_length[True-I AM NOT A TOY AND ALSO THIS NAME IS TOO LONG] PASSED [ 27%]
http_tests/channels_tests/test_channels_create.py::test_invalid_channel_name_length[False-] PASSED [ 27%]
http_tests/channels_tests/test_channels_create.py::test_invalid_channel_name_length[False-I AM NOT A TOY AND ALSO THIS NAME IS TOO LONG] PASSED [ 28%]
http_tests/channels_tests/test_channels_create.py::test_invalidated_token PASSED [ 28%]
http_tests/channels_tests/test_channels_list.py::test_when_in_no_channels PASSED [ 28%]
http_tests/channels_tests/test_channels_list.py::test_when_in_one_channel[True-andy] PASSED [ 28%]
http_tests/channels_tests/test_channels_list.py::test_when_in_one_channel[False-andy] PASSED [ 29%]
http_tests/channels_tests/test_channels_list.py::test_when_in_multiple_channels[False-True-ZERG-andy] PASSED [ 29%]
http_tests/channels_tests/test_channels_list.py::test_when_in_multiple_channels[False-False-ZERG-andy] PASSED [ 29%]
http_tests/channels_tests/test_channels_list.py::test_when_in_multiple_channels[True-True-ZERG-andy] PASSED [ 29%]
http_tests/channels_tests/test_channels_list.py::test_when_in_multiple_channels[True-False-ZERG-andy] PASSED [ 30%]
http_tests/channels_tests/test_channels_list.py::test_list_after_leave_channel PASSED [ 30%]
http_tests/channels_tests/test_channels_list.py::test_invalidated_token PASSED [ 30%]
http_tests/channels_tests/test_channels_listall.py::test_when_no_channels PASSED [ 31%]
http_tests/channels_tests/test_channels_listall.py::test_when_one_channel_exists_private PASSED [ 31%]
http_tests/channels_tests/test_channels_listall.py::test_when_one_channel_exists_public PASSED [ 31%]
http_tests/channels_tests/test_channels_listall.py::test_when_multiple_channels_exist PASSED [ 31%]
http_tests/channels_tests/test_channels_listall.py::test_invalidated_token PASSED [ 32%]
http_tests/dm_tests/test_dm_create.py::test_successful_dm_creation PASSED [ 32%]
http_tests/dm_tests/test_dm_create.py::test_dm_name_creation_single PASSED [ 32%]
http_tests/dm_tests/test_dm_create.py::test_dm_name_creation_multiple PASSED [ 32%]
http_tests/dm_tests/test_dm_create.py::test_dm_to_invalid_users PASSED   [ 33%]
http_tests/dm_tests/test_dm_create.py::test_dm_to_users_but_one_invalid PASSED [ 33%]
http_tests/dm_tests/test_dm_create.py::test_dm_to_users_but_duplicate PASSED [ 33%]
http_tests/dm_tests/test_dm_create.py::test_invalid_token PASSED         [ 33%]
http_tests/dm_tests/test_dm_details.py::test_member_successful PASSED    [ 34%]
http_tests/dm_tests/test_dm_details.py::test_non_member_not_successful PASSED [ 34%]
http_tests/dm_tests/test_dm_details.py::test_invalid_dm_id PASSED        [ 34%]
http_tests/dm_tests/test_dm_details.py::test_invalid_token PASSED        [ 35%]
http_tests/dm_tests/test_dm_leave.py::test_member_leave_dm_successfully PASSED [ 35%]
http_tests/dm_tests/test_dm_leave.py::test_leave_dm_when_not_member PASSED [ 35%]
http_tests/dm_tests/test_dm_leave.py::test_invalid_dm_id PASSED          [ 35%]
http_tests/dm_tests/test_dm_leave.py::test_invalid_token PASSED          [ 36%]
http_tests/dm_tests/test_dm_list.py::test_when_in_no_dms PASSED          [ 36%]
http_tests/dm_tests/test_dm_list.py::test_when_in_one_dm PASSED          [ 36%]
http_tests/dm_tests/test_dm_list.py::test_when_in_multiple_dms PASSED    [ 36%]
http_tests/dm_tests/test_dm_list.py::test_list_after_leave_dm PASSED     [ 37%]
http_tests/dm_tests/test_dm_list.py::test_invalidated_token PASSED       [ 37%]
http_tests/dm_tests/test_dm_messages.py::test_under_fifty_messages_sent PASSED [ 37%]
http_tests/dm_tests/test_dm_messages.py::test_over_fifty_messages_sent PASSED [ 37%]
http_tests/dm_tests/test_dm_messages.py::test_removal_by_edit_reflected PASSED [ 38%]
http_tests/dm_tests/test_dm_messages.py::test_removal_by_deletion_reflected PASSED [ 38%]
http_tests/dm_tests/test_dm_messages.py::test_input_error_when_start_greater_than_message_num PASSED [ 38%]
http_tests/dm_tests/test_dm_messages.py::test_access_error_when_user_is_non_member PASSED [ 39%]
http_tests/dm_tests/test_dm_messages.py::test_input_error_when_dm_id_invalid PASSED [ 39%]
http_tests/dm_tests/test_dm_messages.py::test_access_error_when_invalid_token_given PASSED [ 39%]
http_tests/dm_tests/test_dm_remove.py::test_successful_dm_removal PASSED [ 39%]
http_tests/dm_tests/test_dm_remove.py::test_removal_removes_messages PASSED [ 40%]
http_tests/dm_tests/test_dm_remove.py::test_nonowner_cannot_remove_dm PASSED [ 40%]
http_tests/dm_tests/test_dm_remove.py::test_owner_nonmember_cannot_remove_dm PASSED [ 40%]
http_tests/dm_tests/test_dm_remove.py::test_invalid_dm_id PASSED         [ 40%]
http_tests/dm_tests/test_dm_remove.py::test_invalid_token PASSED         [ 41%]
http_tests/message_tests/test_message_edit.py::test_original_poster_can_edit_message_channel PASSED [ 41%]
http_tests/message_tests/test_message_edit.py::test_original_poster_can_edit_message_dm PASSED [ 41%]
http_tests/message_tests/test_message_edit.py::test_owner_can_edit_members_message_channel PASSED [ 41%]
http_tests/message_tests/test_message_edit.py::test_owner_can_edit_members_message_dm PASSED [ 42%]
http_tests/message_tests/test_message_edit.py::test_global_owner_can_edit_members_message_channel PASSED [ 42%]
http_tests/message_tests/test_message_edit.py::test_global_owner_cant_edit_members_message_dm PASSED [ 42%]
http_tests/message_tests/test_message_edit.py::test_empty_edit_deletes_message PASSED [ 43%]
http_tests/message_tests/test_message_edit.py::test_invalid_message_length PASSED [ 43%]
http_tests/message_tests/test_message_edit.py::test_cannot_edit_deleted_message PASSED [ 43%]
http_tests/message_tests/test_message_edit.py::test_nonowner_nonposter_cant_edit PASSED [ 43%]
http_tests/message_tests/test_message_edit.py::test_invalid_token PASSED [ 44%]
http_tests/message_tests/test_message_meta.py::test_message_ids_unique PASSED [ 44%]
http_tests/message_tests/test_message_meta.py::test_message_ids_unique_iter3 PASSED [ 44%]
http_tests/message_tests/test_message_pin.py::test_successful_pin_channel_owner_in_channel PASSED [ 44%]
http_tests/message_tests/test_message_pin.py::test_successful_pin_dm_owner_in_dm PASSED [ 45%]
http_tests/message_tests/test_message_pin.py::test_successful_pin_global_owner_in_channel PASSED [ 45%]
http_tests/message_tests/test_message_pin.py::test_invalid_message_id PASSED [ 45%]
http_tests/message_tests/test_message_pin.py::test_cannot_pin_twice PASSED [ 45%]
http_tests/message_tests/test_message_pin.py::test_channel_member_cant_pin PASSED [ 46%]
http_tests/message_tests/test_message_pin.py::test_dm_member_cant_pin PASSED [ 46%]
http_tests/message_tests/test_message_pin.py::test_global_owner_cant_pin_in_dm PASSED [ 46%]
http_tests/message_tests/test_message_pin.py::test_nonmember_cant_pin FAILED [ 47%]
http_tests/message_tests/test_message_pin.py::test_invalid_token PASSED  [ 47%]
http_tests/message_tests/test_message_react.py::test_successful_react_in_channel PASSED [ 47%]
http_tests/message_tests/test_message_react.py::test_successful_react_to_dm_message PASSED [ 47%]
http_tests/message_tests/test_message_react.py::test_invalid_message_id PASSED [ 48%]
http_tests/message_tests/test_message_react.py::test_invalid_react_id PASSED [ 48%]
http_tests/message_tests/test_message_react.py::test_cant_react_twice PASSED [ 48%]
http_tests/message_tests/test_message_react.py::test_nonmember_cannot_react FAILED [ 48%]
http_tests/message_tests/test_message_react.py::test_invalid_token PASSED [ 49%]
http_tests/message_tests/test_message_remove.py::test_original_poster_can_remove_message PASSED [ 49%]
http_tests/message_tests/test_message_remove.py::test_owner_can_remove_members_message PASSED [ 49%]
http_tests/message_tests/test_message_remove.py::test_global_owner_can_remove_members_message_channel PASSED [ 50%]
http_tests/message_tests/test_message_remove.py::test_global_owner_cant_remove_members_message_dm PASSED [ 50%]
http_tests/message_tests/test_message_remove.py::test_cannot_remove_deleted_message PASSED [ 50%]
http_tests/message_tests/test_message_remove.py::test_nonowner_nonposter_cant_remove_message PASSED [ 50%]
http_tests/message_tests/test_message_remove.py::test_invalid_token PASSED [ 51%]
http_tests/message_tests/test_message_send.py::test_valid_message PASSED [ 51%]
http_tests/message_tests/test_message_send.py::test_nonmember_post PASSED [ 51%]
http_tests/message_tests/test_message_send.py::test_invalid_channel PASSED [ 51%]
http_tests/message_tests/test_message_send.py::test_invalid_message[] PASSED [ 52%]
http_tests/message_tests/test_message_send.py::test_invalid_message[mmmmmmmmmmmmmmmmmmmmmmmmmmmmmmmmmmmmmmmmmmmmmmmmmmmmmmmmmmmmmmmmmmmmmmmmmmmmmmmmmmmmmmmmmmmmmmmmmmmmmmmmmmmmmmmmmmmmmmmmmmmmmmmmmmmmmmmmmmmmmmmmmmmmmmmmmmmmmmmmmmmmmmmmmmmmmmmmmmmmmmmmmmmmmmmmmmmmmmmmmmmmmmmmmmmmmmmmmmmmmmmmmmmmmmmmmmmmmmmmmmmmmmmmmmmmmmmmmmmmmmmmmmmmmmmmmmmmmmmmmmmmmmmmmmmmmmmmmmmmmmmmmmmmmmmmmmmmmmmmmmmmmmmmmmmmmmmmmmmmmmmmmmmmmmmmmmmmmmmmmmmmmmmmmmmmmmmmmmmmmmmmmmmmmmmmmmmmmmmmmmmmmmmmmmmmmmmmmmmmmmmmmmmmmmmmmmmmmmmmmmmmmmmmmmmmmmmmmmmmmmmmmmmmmmmmmmmmmmmmmmmmmmmmmmmmmmmmmmmmmmmmmmmmmmmmmmmmmmmmmmmmmmmmmmmmmmmmmmmmmmmmmmmmmmmmmmmmmmmmmmmmmmmmmmmmmmmmmmmmmmmmmmmmmmmmmmmmmmmmmmmmmmmmmmmmmmmmmmmmmmmmmmmmmmmmmmmmmmmmmmmmmmmmmmmmmmmmmmmmmmmmmmmmmmmmmmmmmmmmmmmmmmmmmmmmmmmmmmmmmmmmmmmmmmmmmmmmmmmmmmmmmmmmmmmmmmmmmmmmmmmmmmmmmmmmmmmmmmmmmmmmmmmmmmmmmmmmmmmmmmmmmmmmmmmmmmmmmmmmmmmmmmmmmmmmmmmmmmmmmmmmmmmmmmmmmmmmmmmmmmmmmmmmmmmmmmmmmmmmmmmmmmmmmmmmmmmmmmmmmmmmmmmmmmmmmmmmmmmmmmmmmmmmmmmmmmmmmmmmmmmmmmmmmmmmmmmmmmmmmmmmmmmmmmmmmmmmmmmmmmmmmmmmmmmmmmmmmmmmmmmmmmmmmmmmmmmmmmmmm] PASSED [ 52%]
http_tests/message_tests/test_message_send.py::test_invalid_token PASSED [ 52%]
http_tests/message_tests/test_message_senddm.py::test_valid_message PASSED [ 52%]
http_tests/message_tests/test_message_senddm.py::test_nonmember_post PASSED [ 53%]
http_tests/message_tests/test_message_senddm.py::test_invalid_dm PASSED  [ 53%]
http_tests/message_tests/test_message_senddm.py::test_invalid_message[] PASSED [ 53%]
http_tests/message_tests/test_message_senddm.py::test_invalid_message[mmmmmmmmmmmmmmmmmmmmmmmmmmmmmmmmmmmmmmmmmmmmmmmmmmmmmmmmmmmmmmmmmmmmmmmmmmmmmmmmmmmmmmmmmmmmmmmmmmmmmmmmmmmmmmmmmmmmmmmmmmmmmmmmmmmmmmmmmmmmmmmmmmmmmmmmmmmmmmmmmmmmmmmmmmmmmmmmmmmmmmmmmmmmmmmmmmmmmmmmmmmmmmmmmmmmmmmmmmmmmmmmmmmmmmmmmmmmmmmmmmmmmmmmmmmmmmmmmmmmmmmmmmmmmmmmmmmmmmmmmmmmmmmmmmmmmmmmmmmmmmmmmmmmmmmmmmmmmmmmmmmmmmmmmmmmmmmmmmmmmmmmmmmmmmmmmmmmmmmmmmmmmmmmmmmmmmmmmmmmmmmmmmmmmmmmmmmmmmmmmmmmmmmmmmmmmmmmmmmmmmmmmmmmmmmmmmmmmmmmmmmmmmmmmmmmmmmmmmmmmmmmmmmmmmmmmmmmmmmmmmmmmmmmmmmmmmmmmmmmmmmmmmmmmmmmmmmmmmmmmmmmmmmmmmmmmmmmmmmmmmmmmmmmmmmmmmmmmmmmmmmmmmmmmmmmmmmmmmmmmmmmmmmmmmmmmmmmmmmmmmmmmmmmmmmmmmmmmmmmmmmmmmmmmmmmmmmmmmmmmmmmmmmmmmmmmmmmmmmmmmmmmmmmmmmmmmmmmmmmmmmmmmmmmmmmmmmmmmmmmmmmmmmmmmmmmmmmmmmmmmmmmmmmmmmmmmmmmmmmmmmmmmmmmmmmmmmmmmmmmmmmmmmmmmmmmmmmmmmmmmmmmmmmmmmmmmmmmmmmmmmmmmmmmmmmmmmmmmmmmmmmmmmmmmmmmmmmmmmmmmmmmmmmmmmmmmmmmmmmmmmmmmmmmmmmmmmmmmmmmmmmmmmmmmmmmmmmmmmmmmmmmmmmmmmmmmmmmmmmmmmmmmmmmmmmmmmmmmmmmmmmmmmmmmmmmmmmmmmmmmmmmmmmmmmmmmmmmmmmmmmmmmmmmmmmmmmmmmmmm] PASSED [ 54%]
http_tests/message_tests/test_message_senddm.py::test_invalid_token PASSED [ 54%]
http_tests/message_tests/test_message_sendlater.py::test_valid_future_message PASSED [ 54%]
http_tests/message_tests/test_message_sendlater.py::test_returns_immediately PASSED [ 54%]
http_tests/message_tests/test_message_sendlater.py::test_invalid_returned_id_until_sent PASSED [ 55%]
http_tests/message_tests/test_message_sendlater.py::test_nonmember_cannot_sendlater PASSED [ 55%]
http_tests/message_tests/test_message_sendlater.py::test_cannot_time_travel_aka_send_message_in_past PASSED [ 55%]
http_tests/message_tests/test_message_sendlater.py::test_invalid_message[] PASSED [ 55%]
http_tests/message_tests/test_message_sendlater.py::test_invalid_message[mmmmmmmmmmmmmmmmmmmmmmmmmmmmmmmmmmmmmmmmmmmmmmmmmmmmmmmmmmmmmmmmmmmmmmmmmmmmmmmmmmmmmmmmmmmmmmmmmmmmmmmmmmmmmmmmmmmmmmmmmmmmmmmmmmmmmmmmmmmmmmmmmmmmmmmmmmmmmmmmmmmmmmmmmmmmmmmmmmmmmmmmmmmmmmmmmmmmmmmmmmmmmmmmmmmmmmmmmmmmmmmmmmmmmmmmmmmmmmmmmmmmmmmmmmmmmmmmmmmmmmmmmmmmmmmmmmmmmmmmmmmmmmmmmmmmmmmmmmmmmmmmmmmmmmmmmmmmmmmmmmmmmmmmmmmmmmmmmmmmmmmmmmmmmmmmmmmmmmmmmmmmmmmmmmmmmmmmmmmmmmmmmmmmmmmmmmmmmmmmmmmmmmmmmmmmmmmmmmmmmmmmmmmmmmmmmmmmmmmmmmmmmmmmmmmmmmmmmmmmmmmmmmmmmmmmmmmmmmmmmmmmmmmmmmmmmmmmmmmmmmmmmmmmmmmmmmmmmmmmmmmmmmmmmmmmmmmmmmmmmmmmmmmmmmmmmmmmmmmmmmmmmmmmmmmmmmmmmmmmmmmmmmmmmmmmmmmmmmmmmmmmmmmmmmmmmmmmmmmmmmmmmmmmmmmmmmmmmmmmmmmmmmmmmmmmmmmmmmmmmmmmmmmmmmmmmmmmmmmmmmmmmmmmmmmmmmmmmmmmmmmmmmmmmmmmmmmmmmmmmmmmmmmmmmmmmmmmmmmmmmmmmmmmmmmmmmmmmmmmmmmmmmmmmmmmmmmmmmmmmmmmmmmmmmmmmmmmmmmmmmmmmmmmmmmmmmmmmmmmmmmmmmmmmmmmmmmmmmmmmmmmmmmmmmmmmmmmmmmmmmmmmmmmmmmmmmmmmmmmmmmmmmmmmmmmmmmmmmmmmmmmmmmmmmmmmmmmmmmmmmmmmmmmmmmmmmmmmmmmmmmmmmmmmmmmmmmmmmmmmmmmmmmmmmmmmmmmmmmmmmmmmmmmmmmmmmmmmmmmm] PASSED [ 56%]
http_tests/message_tests/test_message_sendlater.py::test_invalid_channel PASSED [ 56%]
http_tests/message_tests/test_message_sendlater.py::test_invalid_token PASSED [ 56%]
http_tests/message_tests/test_message_sendlaterdm.py::test_valid_future_message PASSED [ 56%]
http_tests/message_tests/test_message_sendlaterdm.py::test_returns_immediately PASSED [ 57%]
http_tests/message_tests/test_message_sendlaterdm.py::test_invalid_returned_id_until_sent PASSED [ 57%]
http_tests/message_tests/test_message_sendlaterdm.py::test_nonmember_cannot_sendlater PASSED [ 57%]
http_tests/message_tests/test_message_sendlaterdm.py::test_cannot_time_travel_aka_send_message_in_past PASSED [ 58%]
http_tests/message_tests/test_message_sendlaterdm.py::test_invalid_message[] PASSED [ 58%]
http_tests/message_tests/test_message_sendlaterdm.py::test_invalid_message[mmmmmmmmmmmmmmmmmmmmmmmmmmmmmmmmmmmmmmmmmmmmmmmmmmmmmmmmmmmmmmmmmmmmmmmmmmmmmmmmmmmmmmmmmmmmmmmmmmmmmmmmmmmmmmmmmmmmmmmmmmmmmmmmmmmmmmmmmmmmmmmmmmmmmmmmmmmmmmmmmmmmmmmmmmmmmmmmmmmmmmmmmmmmmmmmmmmmmmmmmmmmmmmmmmmmmmmmmmmmmmmmmmmmmmmmmmmmmmmmmmmmmmmmmmmmmmmmmmmmmmmmmmmmmmmmmmmmmmmmmmmmmmmmmmmmmmmmmmmmmmmmmmmmmmmmmmmmmmmmmmmmmmmmmmmmmmmmmmmmmmmmmmmmmmmmmmmmmmmmmmmmmmmmmmmmmmmmmmmmmmmmmmmmmmmmmmmmmmmmmmmmmmmmmmmmmmmmmmmmmmmmmmmmmmmmmmmmmmmmmmmmmmmmmmmmmmmmmmmmmmmmmmmmmmmmmmmmmmmmmmmmmmmmmmmmmmmmmmmmmmmmmmmmmmmmmmmmmmmmmmmmmmmmmmmmmmmmmmmmmmmmmmmmmmmmmmmmmmmmmmmmmmmmmmmmmmmmmmmmmmmmmmmmmmmmmmmmmmmmmmmmmmmmmmmmmmmmmmmmmmmmmmmmmmmmmmmmmmmmmmmmmmmmmmmmmmmmmmmmmmmmmmmmmmmmmmmmmmmmmmmmmmmmmmmmmmmmmmmmmmmmmmmmmmmmmmmmmmmmmmmmmmmmmmmmmmmmmmmmmmmmmmmmmmmmmmmmmmmmmmmmmmmmmmmmmmmmmmmmmmmmmmmmmmmmmmmmmmmmmmmmmmmmmmmmmmmmmmmmmmmmmmmmmmmmmmmmmmmmmmmmmmmmmmmmmmmmmmmmmmmmmmmmmmmmmmmmmmmmmmmmmmmmmmmmmmmmmmmmmmmmmmmmmmmmmmmmmmmmmmmmmmmmmmmmmmmmmmmmmmmmmmmmmmmmmmmmmmmmmmmmmmmmmmmmmmmmmmmmmmmmmmmmmmmmmmmmmmmmm] PASSED [ 58%]
http_tests/message_tests/test_message_sendlaterdm.py::test_invalid_dm PASSED [ 58%]
http_tests/message_tests/test_message_sendlaterdm.py::test_invalid_token PASSED [ 59%]
http_tests/message_tests/test_message_share.py::test_successful_share_to_channel PASSED [ 59%]
http_tests/message_tests/test_message_share.py::test_successful_share_to_dm PASSED [ 59%]
http_tests/message_tests/test_message_share.py::test_successful_cross_share[True] PASSED [ 59%]
http_tests/message_tests/test_message_share.py::test_successful_cross_share[False] PASSED [ 60%]
http_tests/message_tests/test_message_share.py::test_cannot_share_to_unjoined_dm PASSED [ 60%]
http_tests/message_tests/test_message_share.py::test_cannot_share_to_unjoined_channel PASSED [ 60%]
http_tests/message_tests/test_message_share.py::test_cannot_share_from_unjoined_channel FAILED [ 60%]
http_tests/message_tests/test_message_share.py::test_cannot_share_from_unjoined_dm FAILED [ 61%]
http_tests/message_tests/test_message_share.py::test_invalid_og_message_id PASSED [ 61%]
http_tests/message_tests/test_message_share.py::test_invalid_message_length PASSED [ 61%]
http_tests/message_tests/test_message_share.py::test_share_to_invalid_channel_id PASSED [ 62%]
http_tests/message_tests/test_message_share.py::test_share_to_invalid_dm_id PASSED [ 62%]
http_tests/message_tests/test_message_share.py::test_invalid_token PASSED [ 62%]
http_tests/message_tests/test_message_unpin.py::test_successful_unpin_channel_owner_in_channel PASSED [ 62%]
http_tests/message_tests/test_message_unpin.py::test_successful_unpin_dm_owner_in_dm PASSED [ 63%]
http_tests/message_tests/test_message_unpin.py::test_successful_unpin_global_owner_in_channel PASSED [ 63%]
http_tests/message_tests/test_message_unpin.py::test_invalid_message_id PASSED [ 63%]
http_tests/message_tests/test_message_unpin.py::test_cannot_unpin_twice PASSED [ 63%]
http_tests/message_tests/test_message_unpin.py::test_channel_member_cant_unpin PASSED [ 64%]
http_tests/message_tests/test_message_unpin.py::test_dm_member_cant_unpin PASSED [ 64%]
http_tests/message_tests/test_message_unpin.py::test_global_owner_cant_unpin_in_dm PASSED [ 64%]
http_tests/message_tests/test_message_unpin.py::test_nonmember_cant_unpin FAILED [ 64%]
http_tests/message_tests/test_message_unpin.py::test_invalid_token PASSED [ 65%]
http_tests/message_tests/test_message_unreact.py::test_successful_unreact_in_channel PASSED [ 65%]
http_tests/message_tests/test_message_unreact.py::test_successful_unreact_to_dm_message PASSED [ 65%]
http_tests/message_tests/test_message_unreact.py::test_invalid_message_id PASSED [ 66%]
http_tests/message_tests/test_message_unreact.py::test_invalid_react_id PASSED [ 66%]
http_tests/message_tests/test_message_unreact.py::test_cant_unreact_twice PASSED [ 66%]
http_tests/message_tests/test_message_unreact.py::test_nonmember_cannot_unreact FAILED [ 66%]
http_tests/message_tests/test_message_unreact.py::test_invalid_token PASSED [ 67%]
http_tests/other_tests/test_clear.py::test_clear_works PASSED            [ 67%]
http_tests/other_tests/test_notifications_get.py::test_tag_thru_message_send_triggers_notification PASSED [ 67%]
http_tests/other_tests/test_notifications_get.py::test_tag_not_in_channel PASSED [ 67%]
http_tests/other_tests/test_notifications_get.py::test_multiple_same_tags_only_one_notification PASSED [ 68%]
http_tests/other_tests/test_notifications_get.py::test_tag_self PASSED   [ 68%]
http_tests/other_tests/test_notifications_get.py::test_multiple_tags PASSED [ 68%]
http_tests/other_tests/test_notifications_get.py::test_tag_thru_message_senddm_triggers_notification PASSED [ 68%]
http_tests/other_tests/test_notifications_get.py::test_tag_thru_message_edit_triggers_notification PASSED [ 69%]
http_tests/other_tests/test_notifications_get.py::test_tag_thru_message_share_triggers_notification PASSED [ 69%]
http_tests/other_tests/test_notifications_get.py::test_tag_thru_message_sendlater_triggers_notification PASSED [ 69%]
http_tests/other_tests/test_notifications_get.py::test_message_sendlater_tag_notifies_when_sent PASSED [ 70%]
http_tests/other_tests/test_notifications_get.py::test_tag_thru_message_sendlaterdm_triggers_notification PASSED [ 70%]
http_tests/other_tests/test_notifications_get.py::test_tag_notification_message_preview_length[a small message] PASSED [ 70%]
http_tests/other_tests/test_notifications_get.py::test_tag_notification_message_preview_length[AAAAAAAAAAAAAAAAAAAAAAAAAAAAAAAAAAAAAAAAAAAAAAAAAAAAAAAAAAAAAAAAAAAAAAAAAAAAAAAAAAAAAAAAAAAAAAAAAAAAAAAAAAAAAAAAAAAAAAAAAAAAAAAAAAAAAAAAAAAAAAAAAAAAAAAAAAAAAAAAAAAAAAAAAAAAAAAAAAAAAAAAAAAAAAAAAAAAAAAAAAAAAAAAAAAAAAAAAAAAAAAAAAAAAAAAAAAAAAAAAAAAAAAAAAAAAAAAAAAAAAAAAAAAAAAAAAAAAAAAAAAAAAAAAAAAAAAAAAAAAAAAAAAAAAAAAAAAAAAAAAAAAAAAAAAAAAAAAAAAAAAAAAAAAA] PASSED [ 70%]
http_tests/other_tests/test_notifications_get.py::test_react_triggers_notification[ch] PASSED [ 71%]
http_tests/other_tests/test_notifications_get.py::test_react_triggers_notification[dm] PASSED [ 71%]
http_tests/other_tests/test_notifications_get.py::test_add_thru_ch_invite_triggers_notification PASSED [ 71%]
http_tests/other_tests/test_notifications_get.py::test_add_thru_dm_create_triggers_notification PASSED [ 71%]
http_tests/other_tests/test_notifications_get.py::test_most_recent_20_notifications_fetched PASSED [ 72%]
http_tests/other_tests/test_notifications_get.py::test_invalid_token PASSED [ 72%]
http_tests/other_tests/test_search.py::test_no_matches PASSED            [ 72%]
http_tests/other_tests/test_search.py::test_single_match PASSED          [ 72%]
http_tests/other_tests/test_search.py::test_case_insensitive_match PASSED [ 73%]
http_tests/other_tests/test_search.py::test_multiple_matches PASSED      [ 73%]
http_tests/other_tests/test_search.py::test_multiple_channels_joined PASSED [ 73%]
http_tests/other_tests/test_search.py::test_search_includes_only_joined_channels PASSED [ 74%]
http_tests/other_tests/test_search.py::test_search_matches_more_than_just_authorised_user PASSED [ 74%]
http_tests/other_tests/test_search.py::test_invalid_search[] PASSED      [ 74%]
http_tests/other_tests/test_search.py::test_invalid_search[aaaaaaaaaaaaaaaaaaaaaaaaaaaaaaaaaaaaaaaaaaaaaaaaaaaaaaaaaaaaaaaaaaaaaaaaaaaaaaaaaaaaaaaaaaaaaaaaaaaaaaaaaaaaaaaaaaaaaaaaaaaaaaaaaaaaaaaaaaaaaaaaaaaaaaaaaaaaaaaaaaaaaaaaaaaaaaaaaaaaaaaaaaaaaaaaaaaaaaaaaaaaaaaaaaaaaaaaaaaaaaaaaaaaaaaaaaaaaaaaaaaaaaaaaaaaaaaaaaaaaaaaaaaaaaaaaaaaaaaaaaaaaaaaaaaaaaaaaaaaaaaaaaaaaaaaaaaaaaaaaaaaaaaaaaaaaaaaaaaaaaaaaaaaaaaaaaaaaaaaaaaaaaaaaaaaaaaaaaaaaaaaaaaaaaaaaaaaaaaaaaaaaaaaaaaaaaaaaaaaaaaaaaaaaaaaaaaaaaaaaaaaaaaaaaaaaaaaaaaaaaaaaaaaaaaaaaaaaaaaaaaaaaaaaaaaaaaaaaaaaaaaaaaaaaaaaaaaaaaaaaaaaaaaaaaaaaaaaaaaaaaaaaaaaaaaaaaaaaaaaaaaaaaaaaaaaaaaaaaaaaaaaaaaaaaaaaaaaaaaaaaaaaaaaaaaaaaaaaaaaaaaaaaaaaaaaaaaaaaaaaaaaaaaaaaaaaaaaaaaaaaaaaaaaaaaaaaaaaaaaaaaaaaaaaaaaaaaaaaaaaaaaaaaaaaaaaaaaaaaaaaaaaaaaaaaaaaaaaaaaaaaaaaaaaaaaaaaaaaaaaaaaaaaaaaaaaaaaaaaaaaaaaaaaaaaaaaaaaaaaaaaaaaaaaaaaaaaaaaaaaaaaaaaaaaaaaaaaaaaaaaaaaaaaaaaaaaaaaaaaaaaaaaaaaaaaaaaaaaaaaaaaaaaaaaaaaaaaaaaaaaaaaaaaaaaaaaaaaaaaaaaaaaaaaaaaaaaaaaaaaaaaaaaaaaaaaaaaaaaaaaaaaaaaaaaaaaaaaaaaaaaaaaaaaaaaaaaaaaaa] PASSED [ 74%]
http_tests/other_tests/test_search.py::test_invalid_token PASSED         [ 75%]
http_tests/other_tests/test_users_all.py::test_successful_users_all PASSED [ 75%]
http_tests/other_tests/test_users_all.py::test_invalid_token PASSED      [ 75%]
http_tests/standup_tests/test_standup_active.py::test_correct_return_format[True] PASSED [ 75%]
http_tests/standup_tests/test_standup_active.py::test_correct_return_format[False] PASSED [ 76%]
http_tests/standup_tests/test_standup_active.py::test_active_standup PASSED [ 76%]
http_tests/standup_tests/test_standup_active.py::test_inactive_standup PASSED [ 76%]
http_tests/standup_tests/test_standup_active.py::test_invalid_channel_id PASSED [ 77%]
http_tests/standup_tests/test_standup_active.py::test_invalid_token PASSED [ 77%]
http_tests/standup_tests/test_standup_send.py::test_messages_buffered_and_displayed_correctly PASSED [ 77%]
http_tests/standup_tests/test_standup_send.py::test_standup_sends_after_logged_out FAILED [ 77%]
http_tests/standup_tests/test_standup_send.py::test_return_format PASSED [ 78%]
http_tests/standup_tests/test_standup_send.py::test_non_member_cannot_standup_send PASSED [ 78%]
http_tests/standup_tests/test_standup_send.py::test_send_when_standup_inactive PASSED [ 78%]
http_tests/standup_tests/test_standup_send.py::test_invalid_message_length PASSED [ 78%]
http_tests/standup_tests/test_standup_send.py::test_invalid_channel_id PASSED [ 79%]
http_tests/standup_tests/test_standup_send.py::test_invalid_token PASSED [ 79%]
http_tests/standup_tests/test_standup_start.py::test_standup_start_return_format PASSED [ 79%]
http_tests/standup_tests/test_standup_start.py::test_standup_no_messages PASSED [ 79%]
http_tests/standup_tests/test_standup_start.py::test_returns_immediately PASSED [ 80%]
http_tests/standup_tests/test_standup_start.py::test_standup_restartable_after_lapse PASSED [ 80%]
http_tests/standup_tests/test_standup_start.py::test_standup_affects_only_one_channel PASSED [ 80%]
http_tests/standup_tests/test_standup_start.py::test_nonmember_cannot_start_standup PASSED [ 81%]
http_tests/standup_tests/test_standup_start.py::test_cannot_start_standup_when_already_active PASSED [ 81%]
http_tests/standup_tests/test_standup_start.py::test_invalid_standup_length PASSED [ 81%]
http_tests/standup_tests/test_standup_start.py::test_invalid_channel_id PASSED [ 81%]
http_tests/standup_tests/test_standup_start.py::test_invalid_token PASSED [ 82%]
http_tests/stats_tests/test_user_stats.py::test_return_type_correct FAILED [ 82%]
http_tests/stats_tests/test_user_stats.py::test_channels_tracked_channels_create PASSED [ 82%]
http_tests/stats_tests/test_user_stats.py::test_channels_tracked_channel_join PASSED [ 82%]
http_tests/stats_tests/test_user_stats.py::test_channels_tracked_channel_invite PASSED [ 83%]
http_tests/stats_tests/test_user_stats.py::test_channels_tracked_channel_leave PASSED [ 83%]
http_tests/stats_tests/test_user_stats.py::test_dms_tracked_dm_create PASSED [ 83%]
http_tests/stats_tests/test_user_stats.py::test_dms_tracked_dm_leave PASSED [ 83%]
http_tests/stats_tests/test_user_stats.py::test_dms_tracked_dm_remove PASSED [ 84%]
http_tests/stats_tests/test_user_stats.py::test_messages_tracked_message_send PASSED [ 84%]
http_tests/stats_tests/test_user_stats.py::test_messages_tracked_message_sendlater PASSED [ 84%]
http_tests/stats_tests/test_user_stats.py::test_messages_tracked_message_senddm PASSED [ 85%]
http_tests/stats_tests/test_user_stats.py::test_messages_tracked_message_senddmlater PASSED [ 85%]
http_tests/stats_tests/test_user_stats.py::test_messages_tracked_message_share PASSED [ 85%]
http_tests/stats_tests/test_user_stats.py::test_messages_tracked_standup_finish PASSED [ 85%]
http_tests/stats_tests/test_user_stats.py::test_involvement_tracked PASSED [ 86%]
http_tests/stats_tests/test_user_stats.py::test_invalid_token PASSED     [ 86%]
http_tests/stats_tests/test_users_stats.py::test_return_type_correct FAILED [ 86%]
http_tests/stats_tests/test_users_stats.py::test_channels_tracked_channels_create PASSED [ 86%]
http_tests/stats_tests/test_users_stats.py::test_dms_tracked_dm_create PASSED [ 87%]
http_tests/stats_tests/test_users_stats.py::test_dms_tracked_dm_remove PASSED [ 87%]
http_tests/stats_tests/test_users_stats.py::test_messages_tracked_message_send PASSED [ 87%]
http_tests/stats_tests/test_users_stats.py::test_messages_tracked_message_sendlater PASSED [ 87%]
http_tests/stats_tests/test_users_stats.py::test_messages_tracked_message_senddm PASSED [ 88%]
http_tests/stats_tests/test_users_stats.py::test_messages_tracked_message_senddmlater PASSED [ 88%]
http_tests/stats_tests/test_users_stats.py::test_messages_tracked_message_share PASSED [ 88%]
http_tests/stats_tests/test_users_stats.py::test_messages_tracked_standup_finish PASSED [ 89%]
http_tests/stats_tests/test_users_stats.py::test_messages_tracked_edited_to_removal FAILED [ 89%]
http_tests/stats_tests/test_users_stats.py::test_messages_tracked_deleted PASSED [ 89%]
http_tests/stats_tests/test_users_stats.py::test_messages_tracked_dm_removed PASSED [ 89%]
http_tests/stats_tests/test_users_stats.py::test_utilization_tracked PASSED [ 90%]
http_tests/stats_tests/test_users_stats.py::test_invalid_token PASSED    [ 90%]
http_tests/user_tests/test_user_profile.py::test_user_profile_valid PASSED [ 90%]
http_tests/user_tests/test_user_profile.py::test_invalid_user PASSED     [ 90%]
http_tests/user_tests/test_user_profile.py::test_invalid_token PASSED    [ 91%]
http_tests/user_tests/test_user_profile_setemail.py::test_successful_email_change PASSED [ 91%]
http_tests/user_tests/test_user_profile_setemail.py::test_cannot_change_to_taken_email PASSED [ 91%]
http_tests/user_tests/test_user_profile_setemail.py::test_invalid_email[] PASSED [ 91%]
http_tests/user_tests/test_user_profile_setemail.py::test_invalid_email[bob] PASSED [ 92%]
http_tests/user_tests/test_user_profile_setemail.py::test_invalid_email[ab.com] PASSED [ 92%]
http_tests/user_tests/test_user_profile_setemail.py::test_invalid_email[@gmail.com] PASSED [ 92%]
http_tests/user_tests/test_user_profile_setemail.py::test_invalid_email[ab@ab@gmail.com] PASSED [ 93%]
http_tests/user_tests/test_user_profile_setemail.py::test_invalid_token PASSED [ 93%]
http_tests/user_tests/test_user_profile_sethandle.py::test_successful_handle_change PASSED [ 93%]
http_tests/user_tests/test_user_profile_sethandle.py::test_cannot_change_to_taken_handle PASSED [ 93%]
http_tests/user_tests/test_user_profile_sethandle.py::test_invalid_handle[] PASSED [ 94%]
http_tests/user_tests/test_user_profile_sethandle.py::test_invalid_handle[a] PASSED [ 94%]
http_tests/user_tests/test_user_profile_sethandle.py::test_invalid_handle[aa] PASSED [ 94%]
http_tests/user_tests/test_user_profile_sethandle.py::test_invalid_handle[aaaaaaaaaaaaaaaaaaaaa] PASSED [ 94%]
http_tests/user_tests/test_user_profile_sethandle.py::test_invalid_handle[new handle] PASSED [ 95%]
http_tests/user_tests/test_user_profile_sethandle.py::test_invalid_handle[newh@ndle] PASSED [ 95%]
http_tests/user_tests/test_user_profile_sethandle.py::test_invalid_token PASSED [ 95%]
http_tests/user_tests/test_user_profile_setname.py::test_user_profile_setname_valid_name PASSED [ 95%]
http_tests/user_tests/test_user_profile_setname.py::test_invalid_name[-] PASSED [ 96%]
http_tests/user_tests/test_user_profile_setname.py::test_invalid_name[-MMMMMMMMMMMMMMMMMMMMMMMMMMMMMMMMMMMMMMMMMMMMMMMMMMM] PASSED [ 96%]
http_tests/user_tests/test_user_profile_setname.py::test_invalid_name[PPPPPPPPPPPPPPPPPPPPPPPPPPPPPPPPPPPPPPPPPPPPPPPPPPP-] PASSED [ 96%]
http_tests/user_tests/test_user_profile_setname.py::test_invalid_name[PPPPPPPPPPPPPPPPPPPPPPPPPPPPPPPPPPPPPPPPPPPPPPPPPPP-MMMMMMMMMMMMMMMMMMMMMMMMMMMMMMMMMMMMMMMMMMMMMMMMMMM] PASSED [ 97%]
http_tests/user_tests/test_user_profile_setname.py::test_invalid_token PASSED [ 97%]
http_tests/user_tests/test_user_profile_uploadphoto.py::test_return_format_correct PASSED [ 97%]
http_tests/user_tests/test_user_profile_uploadphoto.py::test_cannot_upload_non_jpeg PASSED [ 97%]
http_tests/user_tests/test_user_profile_uploadphoto.py::test_invalid_dimensions[-1000-0-0-0] PASSED [ 98%]
http_tests/user_tests/test_user_profile_uploadphoto.py::test_invalid_dimensions[0--1000-0-0] PASSED [ 98%]
http_tests/user_tests/test_user_profile_uploadphoto.py::test_invalid_dimensions[0-0--1000-0] PASSED [ 98%]
http_tests/user_tests/test_user_profile_uploadphoto.py::test_invalid_dimensions[0-0-0--1000] PASSED [ 98%]
http_tests/user_tests/test_user_profile_uploadphoto.py::test_x_end_less_than_start_value PASSED [ 99%]
http_tests/user_tests/test_user_profile_uploadphoto.py::test_y_end_less_than_start_value PASSED [ 99%]
http_tests/user_tests/test_user_profile_uploadphoto.py::test_invalid_url FAILED [ 99%]
http_tests/user_tests/test_user_profile_uploadphoto.py::test_invalid_token PASSED [100%]

====== Marks recorded: 172.77 ======


=================================== FAILURES ===================================
___________________________ test_nonmember_cant_pin ____________________________

user_woody = User(email='sheriff.woody@andysroom.com', password='qazwsx!!', name_first='sheriff', name_last='woody', u_id=1, token=...iJIUzI1NiJ9.eyJ1X2lkIjoxLCJzZXNzaW9uX2lkIjoxfQ.f9EmOjBa0R_aGDgrRp3kVzUs8Ox2ANNeooOgxCUcrI8', handle_str='sheriffwoody')
user_zerg = User(email='zerg.thedestroyer@zergworld.com', password='!!qazwsx', name_first='lord', name_last='zerg', u_id=2, token=...GciOiJIUzI1NiJ9.eyJ1X2lkIjoyLCJzZXNzaW9uX2lkIjoxfQ.b2uGzKh1mVyiQglDXvehaIV3oOZv4NEJ2oV1Fxgkloc', handle_str='lordzerg')
woodys_public_toybox = Channel(name='woodys toybox', is_public=True, channel_id=1, owner_members=[1], all_members=[])
message_factory = <function message_factory.<locals>.make_message at 0x7fa57514ed90>
ctx = None

    @iteration3
    def test_nonmember_cant_pin(user_woody, user_zerg, woodys_public_toybox, message_factory, ctx):
        a_msg = message_factory(user_woody, woodys_public_toybox)
        with pytest.raises(InputError):
>           message_pin(user_zerg.token, a_msg.message_id, ctx)

http_tests/message_tests/test_message_pin.py:97: 
_ _ _ _ _ _ _ _ _ _ _ _ _ _ _ _ _ _ _ _ _ _ _ _ _ _ _ _ _ _ _ _ _ _ _ _ _ _ _ _ 
http_tests/fakepi/message.py:46: in message_pin
    token=token, message_id=message_id
_ _ _ _ _ _ _ _ _ _ _ _ _ _ _ _ _ _ _ _ _ _ _ _ _ _ _ _ _ _ _ _ _ _ _ _ _ _ _ _ 

res = <Response [403]>

    def parse_response(res):
        if res.status_code in [200, 201]:
            return res.json()
        elif res.status_code == 400:
            raise error.InputError()
        elif res.status_code == 403:
>           raise error.AccessError()
E           http_tests.error.AccessError: 403 Forbidden: None

http_tests/fakepi/util.py:70: AccessError
_________________________ test_nonmember_cannot_react __________________________

user_woody = User(email='sheriff.woody@andysroom.com', password='qazwsx!!', name_first='sheriff', name_last='woody', u_id=1, token=...iJIUzI1NiJ9.eyJ1X2lkIjoxLCJzZXNzaW9uX2lkIjoxfQ.f9EmOjBa0R_aGDgrRp3kVzUs8Ox2ANNeooOgxCUcrI8', handle_str='sheriffwoody')
user_zerg = User(email='zerg.thedestroyer@zergworld.com', password='!!qazwsx', name_first='lord', name_last='zerg', u_id=2, token=...GciOiJIUzI1NiJ9.eyJ1X2lkIjoyLCJzZXNzaW9uX2lkIjoxfQ.b2uGzKh1mVyiQglDXvehaIV3oOZv4NEJ2oV1Fxgkloc', handle_str='lordzerg')
woodys_public_toybox = Channel(name='woodys toybox', is_public=True, channel_id=1, owner_members=[1], all_members=[])
message_factory = <function message_factory.<locals>.make_message at 0x7fa57516cb70>
ctx = None

    @iteration3
    def test_nonmember_cannot_react(user_woody, user_zerg, woodys_public_toybox, message_factory, ctx):
        a_msg = message_factory(user_woody, woodys_public_toybox)
        with pytest.raises(InputError):
>           message_react(user_zerg.token, a_msg.message_id, REACT, ctx)

http_tests/message_tests/test_message_react.py:77: 
_ _ _ _ _ _ _ _ _ _ _ _ _ _ _ _ _ _ _ _ _ _ _ _ _ _ _ _ _ _ _ _ _ _ _ _ _ _ _ _ 
http_tests/fakepi/message.py:68: in message_react
    token=token, message_id=message_id, react_id=react_id
_ _ _ _ _ _ _ _ _ _ _ _ _ _ _ _ _ _ _ _ _ _ _ _ _ _ _ _ _ _ _ _ _ _ _ _ _ _ _ _ 

res = <Response [403]>

    def parse_response(res):
        if res.status_code in [200, 201]:
            return res.json()
        elif res.status_code == 400:
            raise error.InputError()
        elif res.status_code == 403:
>           raise error.AccessError()
E           http_tests.error.AccessError: 403 Forbidden: None

http_tests/fakepi/util.py:70: AccessError
___________________ test_cannot_share_from_unjoined_channel ____________________

user_zerg = User(email='zerg.thedestroyer@zergworld.com', password='!!qazwsx', name_first='lord', name_last='zerg', u_id=1, token=...GciOiJIUzI1NiJ9.eyJ1X2lkIjoxLCJzZXNzaW9uX2lkIjoxfQ.f9EmOjBa0R_aGDgrRp3kVzUs8Ox2ANNeooOgxCUcrI8', handle_str='lordzerg')
user_woody = User(email='sheriff.woody@andysroom.com', password='qazwsx!!', name_first='sheriff', name_last='woody', u_id=2, token=...iJIUzI1NiJ9.eyJ1X2lkIjoyLCJzZXNzaW9uX2lkIjoxfQ.b2uGzKh1mVyiQglDXvehaIV3oOZv4NEJ2oV1Fxgkloc', handle_str='sheriffwoody')
woodys_public_toybox = Channel(name='woodys toybox', is_public=True, channel_id=1, owner_members=[2], all_members=[])
zergs_private_lair = Channel(name='zergs lair', is_public=False, channel_id=2, owner_members=[1], all_members=[])
message_factory = <function message_factory.<locals>.make_message at 0x7fa5750ee048>
ctx = None

    @iteration3
    def test_cannot_share_from_unjoined_channel(user_zerg, user_woody, woodys_public_toybox, zergs_private_lair, message_factory, ctx):
        a_msg = message_factory(user_woody, woodys_public_toybox)
        with pytest.raises(InputError):
>           message_share(user_zerg.token, a_msg.message_id, 'lol', zergs_private_lair.channel_id, -1, ctx)
E           Failed: DID NOT RAISE <class 'http_tests.error.InputError'>

http_tests/message_tests/test_message_share.py:77: Failed
______________________ test_cannot_share_from_unjoined_dm ______________________

user_zerg = User(email='zerg.thedestroyer@zergworld.com', password='!!qazwsx', name_first='lord', name_last='zerg', u_id=1, token=...GciOiJIUzI1NiJ9.eyJ1X2lkIjoxLCJzZXNzaW9uX2lkIjoxfQ.f9EmOjBa0R_aGDgrRp3kVzUs8Ox2ANNeooOgxCUcrI8', handle_str='lordzerg')
user_woody = User(email='sheriff.woody@andysroom.com', password='qazwsx!!', name_first='sheriff', name_last='woody', u_id=2, token=...iJIUzI1NiJ9.eyJ1X2lkIjoyLCJzZXNzaW9uX2lkIjoxfQ.b2uGzKh1mVyiQglDXvehaIV3oOZv4NEJ2oV1Fxgkloc', handle_str='sheriffwoody')
woody_and_buzz_dm = DM(owner=2, members=[3], name='buzzlightyear, sheriffwoody', dm_id=1)
zergs_private_lair = Channel(name='zergs lair', is_public=False, channel_id=1, owner_members=[1], all_members=[])
message_factory = <function message_factory.<locals>.make_message at 0x7fa575172510>
ctx = None

    @iteration3
    def test_cannot_share_from_unjoined_dm(user_zerg, user_woody, woody_and_buzz_dm, zergs_private_lair, message_factory, ctx):
        a_msg = message_factory(user_woody, woody_and_buzz_dm)
        with pytest.raises(InputError):
>           message_share(user_zerg.token, a_msg.message_id, 'lol',  zergs_private_lair.channel_id, -1, ctx)
E           Failed: DID NOT RAISE <class 'http_tests.error.InputError'>

http_tests/message_tests/test_message_share.py:84: Failed
__________________________ test_nonmember_cant_unpin ___________________________

user_woody = User(email='sheriff.woody@andysroom.com', password='qazwsx!!', name_first='sheriff', name_last='woody', u_id=1, token=...iJIUzI1NiJ9.eyJ1X2lkIjoxLCJzZXNzaW9uX2lkIjoxfQ.f9EmOjBa0R_aGDgrRp3kVzUs8Ox2ANNeooOgxCUcrI8', handle_str='sheriffwoody')
user_zerg = User(email='zerg.thedestroyer@zergworld.com', password='!!qazwsx', name_first='lord', name_last='zerg', u_id=2, token=...GciOiJIUzI1NiJ9.eyJ1X2lkIjoyLCJzZXNzaW9uX2lkIjoxfQ.b2uGzKh1mVyiQglDXvehaIV3oOZv4NEJ2oV1Fxgkloc', handle_str='lordzerg')
woodys_public_toybox = Channel(name='woodys toybox', is_public=True, channel_id=1, owner_members=[1], all_members=[])
message_factory = <function message_factory.<locals>.make_message at 0x7fa57514e730>
ctx = None

    @iteration3
    def test_nonmember_cant_unpin(user_woody, user_zerg, woodys_public_toybox, message_factory, ctx):
        a_msg = message_factory(user_woody, woodys_public_toybox)
        msg_pin(user_woody.token, a_msg.message_id, ctx)
        with pytest.raises(InputError):
>           message_unpin(user_zerg.token, a_msg.message_id, ctx)

http_tests/message_tests/test_message_unpin.py:109: 
_ _ _ _ _ _ _ _ _ _ _ _ _ _ _ _ _ _ _ _ _ _ _ _ _ _ _ _ _ _ _ _ _ _ _ _ _ _ _ _ 
http_tests/fakepi/message.py:57: in message_unpin
    token=token, message_id=message_id
_ _ _ _ _ _ _ _ _ _ _ _ _ _ _ _ _ _ _ _ _ _ _ _ _ _ _ _ _ _ _ _ _ _ _ _ _ _ _ _ 

res = <Response [403]>

    def parse_response(res):
        if res.status_code in [200, 201]:
            return res.json()
        elif res.status_code == 400:
            raise error.InputError()
        elif res.status_code == 403:
>           raise error.AccessError()
E           http_tests.error.AccessError: 403 Forbidden: None

http_tests/fakepi/util.py:70: AccessError
________________________ test_nonmember_cannot_unreact _________________________

user_woody = User(email='sheriff.woody@andysroom.com', password='qazwsx!!', name_first='sheriff', name_last='woody', u_id=1, token=...iJIUzI1NiJ9.eyJ1X2lkIjoxLCJzZXNzaW9uX2lkIjoxfQ.f9EmOjBa0R_aGDgrRp3kVzUs8Ox2ANNeooOgxCUcrI8', handle_str='sheriffwoody')
user_zerg = User(email='zerg.thedestroyer@zergworld.com', password='!!qazwsx', name_first='lord', name_last='zerg', u_id=2, token=...GciOiJIUzI1NiJ9.eyJ1X2lkIjoyLCJzZXNzaW9uX2lkIjoxfQ.b2uGzKh1mVyiQglDXvehaIV3oOZv4NEJ2oV1Fxgkloc', handle_str='lordzerg')
woodys_public_toybox = Channel(name='woodys toybox', is_public=True, channel_id=1, owner_members=[1], all_members=[])
message_factory = <function message_factory.<locals>.make_message at 0x7fa57510b9d8>
ctx = None

    @iteration3
    def test_nonmember_cannot_unreact(user_woody, user_zerg, woodys_public_toybox, message_factory, ctx):
        a_msg = message_factory(user_woody, woodys_public_toybox)
        msg_react(user_woody.token, a_msg.message_id, REACT, ctx)
        with pytest.raises(InputError):
>           message_unreact(user_zerg.token, a_msg.message_id, REACT, ctx)

http_tests/message_tests/test_message_unreact.py:90: 
_ _ _ _ _ _ _ _ _ _ _ _ _ _ _ _ _ _ _ _ _ _ _ _ _ _ _ _ _ _ _ _ _ _ _ _ _ _ _ _ 
http_tests/fakepi/message.py:79: in message_unreact
    token=token, message_id=message_id, react_id=react_id
_ _ _ _ _ _ _ _ _ _ _ _ _ _ _ _ _ _ _ _ _ _ _ _ _ _ _ _ _ _ _ _ _ _ _ _ _ _ _ _ 

res = <Response [403]>

    def parse_response(res):
        if res.status_code in [200, 201]:
            return res.json()
        elif res.status_code == 400:
            raise error.InputError()
        elif res.status_code == 403:
>           raise error.AccessError()
E           http_tests.error.AccessError: 403 Forbidden: None

http_tests/fakepi/util.py:70: AccessError
_____________________ test_standup_sends_after_logged_out ______________________

user_woody = User(email='sheriff.woody@andysroom.com', password='qazwsx!!', name_first='sheriff', name_last='woody', u_id=1, token=...iJIUzI1NiJ9.eyJ1X2lkIjoxLCJzZXNzaW9uX2lkIjoxfQ.f9EmOjBa0R_aGDgrRp3kVzUs8Ox2ANNeooOgxCUcrI8', handle_str='sheriffwoody')
user_buzz = User(email='buzz.lightyear@starcommand.com', password='qazwsx@@', name_first='buzz', name_last='lightyear', u_id=2, to...JIUzI1NiJ9.eyJ1X2lkIjoyLCJzZXNzaW9uX2lkIjoxfQ.b2uGzKh1mVyiQglDXvehaIV3oOZv4NEJ2oV1Fxgkloc', handle_str='buzzlightyear')
woodys_public_toybox = Channel(name='woodys toybox', is_public=True, channel_id=1, owner_members=[1], all_members=[])
standup_factory = <function standup_factory.<locals>.make_standup at 0x7fa5750ea488>
ctx = None

    @iteration3
    def test_standup_sends_after_logged_out(user_woody, user_buzz, woodys_public_toybox, standup_factory, ctx):
        channel_join(user_buzz.token, woodys_public_toybox.channel_id, ctx)
        std = standup_factory(user_woody, woodys_public_toybox, 2)
    
        standup_send(user_woody.token, woodys_public_toybox.channel_id, 'hello', ctx)
    
        auth_logout(user_woody.token, ctx)
    
        sleep(2)
    
        ch_msgs = channel_messages(user_buzz.token, woodys_public_toybox.channel_id, 0, ctx)['messages']
        expected = f'{user_woody.handle_str}: hello'
    
>       assert len(ch_msgs) == 1 and ch_msgs[0]['message'] == expected and ch_msgs[0]['time_sent'] == std.time_finish
E       assert (0 == 1
E         +0
E         -1)

http_tests/standup_tests/test_standup_send.py:52: AssertionError
___________________________ test_return_type_correct ___________________________

user_woody = User(email='sheriff.woody@andysroom.com', password='qazwsx!!', name_first='sheriff', name_last='woody', u_id=1, token=...iJIUzI1NiJ9.eyJ1X2lkIjoxLCJzZXNzaW9uX2lkIjoxfQ.f9EmOjBa0R_aGDgrRp3kVzUs8Ox2ANNeooOgxCUcrI8', handle_str='sheriffwoody')
ctx = None

    @iteration3
    def test_return_type_correct(user_woody, ctx):
        stats = user_stats(user_woody.token, ctx)
    
        assert 'user_stats' in stats
        stats = stats['user_stats']
    
        assert 'channels_joined' in stats and isinstance(stats['channels_joined'], list)
        assert stats['channels_joined'][-1]['num_channels_joined'] == 0
        assert abs(stats['channels_joined'][-1]['time_stamp'] - utc_now()) <= 2
    
        assert 'dms_joined' in stats and isinstance(stats['dms_joined'], list)
        assert stats['dms_joined'][-1]['num_dms_joined'] == 0
        assert abs(stats['dms_joined'][-1]['time_stamp'] - utc_now()) <= 2
    
        assert 'messages_sent' in stats and isinstance(stats['messages_sent'], list)
        assert stats['messages_sent'][-1]['num_messages_sent'] == 0
        assert abs(stats['messages_sent'][-1]['time_stamp'] - utc_now()) <= 2
    
>       assert 'involvement_rate' in stats and isinstance(stats['involvement_rate'], float)
E       AssertionError: assert ('involvement_rate' in {'channels_joined': [{'num_channels_joined': 0, 'time_stamp': 1650397894}], 'dms_joined': [{'num_dms_joined': 0, 'time_stamp': 1650397894}], 'involvement_rate': 0, 'messages_sent': [{'num_messages_sent': 0, 'time_stamp': 1650397894}]} and False)
E        +  where False = isinstance(0, float)

http_tests/stats_tests/test_user_stats.py:38: AssertionError
___________________________ test_return_type_correct ___________________________

user_woody = User(email='sheriff.woody@andysroom.com', password='qazwsx!!', name_first='sheriff', name_last='woody', u_id=1, token=...iJIUzI1NiJ9.eyJ1X2lkIjoxLCJzZXNzaW9uX2lkIjoxfQ.f9EmOjBa0R_aGDgrRp3kVzUs8Ox2ANNeooOgxCUcrI8', handle_str='sheriffwoody')
ctx = None

    @iteration3
    def test_return_type_correct(user_woody, ctx):
        stats = users_stats(user_woody.token, ctx)
    
        assert 'workspace_stats' in stats
        stats = stats['workspace_stats']
    
        assert 'channels_exist' in stats and isinstance(stats['channels_exist'], list)
        assert len(stats['channels_exist']) == 1
        assert stats['channels_exist'][-1]['num_channels_exist'] == 0
>       assert abs(stats['channels_exist'][-1]['time_stamp'] - utc_now()) <= 2
E       assert 105 <= 2
E        +  where 105 = abs((1650397795 - 1650397900))
E        +    where 1650397900 = utc_now()

http_tests/stats_tests/test_users_stats.py:28: AssertionError
___________________ test_messages_tracked_edited_to_removal ____________________

user_woody = User(email='sheriff.woody@andysroom.com', password='qazwsx!!', name_first='sheriff', name_last='woody', u_id=1, token=...iJIUzI1NiJ9.eyJ1X2lkIjoxLCJzZXNzaW9uX2lkIjoxfQ.f9EmOjBa0R_aGDgrRp3kVzUs8Ox2ANNeooOgxCUcrI8', handle_str='sheriffwoody')
woodys_public_toybox = Channel(name='woodys toybox', is_public=True, channel_id=1, owner_members=[1], all_members=[])
message_factory = <function message_factory.<locals>.make_message at 0x7fa57510da60>
ctx = None

    @iteration3
    def test_messages_tracked_edited_to_removal(user_woody, woodys_public_toybox, message_factory, ctx):
        a_msg = message_factory(user_woody, woodys_public_toybox)
    
        message_edit(user_woody.token, a_msg.message_id, '', ctx)
    
        msg_stats = users_stats(user_woody.token, ctx)['workspace_stats']['messages_exist']
    
>       assert len(msg_stats) == 3
E       assert 2 == 3
E         +2
E         -3

http_tests/stats_tests/test_users_stats.py:159: AssertionError
_______________________________ test_invalid_url _______________________________

user_woody = User(email='sheriff.woody@andysroom.com', password='qazwsx!!', name_first='sheriff', name_last='woody', u_id=1, token=...iJIUzI1NiJ9.eyJ1X2lkIjoxLCJzZXNzaW9uX2lkIjoxfQ.f9EmOjBa0R_aGDgrRp3kVzUs8Ox2ANNeooOgxCUcrI8', handle_str='sheriffwoody')
img = IMG(url='http://cgi.cse.unsw.edu.au/~jas/home/pics/jas.jpg', xmin=0, ymin=0, xmax=144, ymax=61)
ctx = None

    @iteration3
    def test_invalid_url(user_woody, img, ctx):
        with pytest.raises(InputError):
>           user_profile_uploadphoto(user_woody.token, 'http://cgi.cse.unsw.edu.au/~jas/home/pics/jas5.jpg', img.xmin, img.ymin, img.xmax, img.ymax, ctx)

http_tests/user_tests/test_user_profile_uploadphoto.py:63: 
_ _ _ _ _ _ _ _ _ _ _ _ _ _ _ _ _ _ _ _ _ _ _ _ _ _ _ _ _ _ _ _ _ _ _ _ _ _ _ _ 
http_tests/fakepi/user.py:68: in user_profile_uploadphoto
    token=token, img_url=img_url, x_start=xmin, y_start=ymin, x_end=xmax, y_end=ymax
_ _ _ _ _ _ _ _ _ _ _ _ _ _ _ _ _ _ _ _ _ _ _ _ _ _ _ _ _ _ _ _ _ _ _ _ _ _ _ _ 

res = <Response [500]>

    def parse_response(res):
        if res.status_code in [200, 201]:
            return res.json()
        elif res.status_code == 400:
            raise error.InputError()
        elif res.status_code == 403:
            raise error.AccessError()
        else:
>           raise Exception(res)
E           Exception: <Response [500]>

http_tests/fakepi/util.py:72: Exception
=========================== short test summary info ============================
FAILED http_tests/message_tests/test_message_pin.py::test_nonmember_cant_pin
FAILED http_tests/message_tests/test_message_react.py::test_nonmember_cannot_react
FAILED http_tests/message_tests/test_message_share.py::test_cannot_share_from_unjoined_channel
FAILED http_tests/message_tests/test_message_share.py::test_cannot_share_from_unjoined_dm
FAILED http_tests/message_tests/test_message_unpin.py::test_nonmember_cant_unpin
FAILED http_tests/message_tests/test_message_unreact.py::test_nonmember_cannot_unreact
FAILED http_tests/standup_tests/test_standup_send.py::test_standup_sends_after_logged_out
FAILED http_tests/stats_tests/test_user_stats.py::test_return_type_correct - ...
FAILED http_tests/stats_tests/test_users_stats.py::test_return_type_correct
FAILED http_tests/stats_tests/test_users_stats.py::test_messages_tracked_edited_to_removal
FAILED http_tests/user_tests/test_user_profile_uploadphoto.py::test_invalid_url
================== 11 failed, 363 passed in 113.80s (0:01:53) ==================
